build/app/intermediates/manifest_merge_blame_file/debug/manifest-merger-blame-debug-report.txt
1<?xml version="1.0" encoding="utf-8"?>
2<manifest xmlns:android="http://schemas.android.com/apk/res/android"
3    package="com.mosaned.mazadmwashy"
4    android:versionCode="1"
5    android:versionName="1.0.0" >
6
7    <uses-sdk
8        android:minSdkVersion="16"
9        android:targetSdkVersion="28" />
10    <!--
11         Flutter needs it to communicate with the running application
12         to allow setting breakpoints, to provide hot reload, etc.
13    -->
14    <uses-permission android:name="android.permission.INTERNET" />
14-->src\debug\AndroidManifest.xml:6:5-66
14-->src\debug\AndroidManifest.xml:6:22-64
15    <uses-permission android:name="android.permission.ACCESS_NETWORK_STATE" />
15-->[com.google.firebase:firebase-iid:20.0.1] AndroidManifest.xml:22:5-79
15-->[com.google.firebase:firebase-iid:20.0.1] AndroidManifest.xml:22:22-76
16    <uses-permission android:name="android.permission.WAKE_LOCK" /> <!-- Required by older versions of Google Play services to create IID tokens -->
16-->[com.google.firebase:firebase-iid:20.0.1] AndroidManifest.xml:24:5-68
16-->[com.google.firebase:firebase-iid:20.0.1] AndroidManifest.xml:24:22-65
17    <uses-permission android:name="com.google.android.c2dm.permission.RECEIVE" />
17-->[com.google.firebase:firebase-iid:20.0.1] AndroidManifest.xml:26:5-82
17-->[com.google.firebase:firebase-iid:20.0.1] AndroidManifest.xml:26:22-79
18    <!--
19 io.flutter.app.FlutterApplication is an android.app.Application that
20         calls FlutterMain.startInitialization(this); in its onCreate method.
21         In most cases you can leave this as-is, but you if you want to provide
22         additional functionality it is fine to subclass or reimplement
23         FlutterApplication and put your custom class here.
24    -->
25    <application
25-->src\main\AndroidManifest.xml:8:5-46:19
26        android:name="io.flutter.app.FlutterApplication"
26-->src\main\AndroidManifest.xml:9:9-57
27        android:appComponentFactory="androidx.core.app.CoreComponentFactory"
27-->[androidx.core:core:1.1.0] AndroidManifest.xml:24:18-86
28        android:debuggable="true"
29        android:icon="@mipmap/ic_launcher"
29-->src\main\AndroidManifest.xml:11:9-43
30        android:label="مزاد المواشي" >
30-->src\main\AndroidManifest.xml:10:9-37
31        <activity
31-->src\main\AndroidManifest.xml:12:9-40:20
32            android:name="com.mosaned.mazadmwashy.MainActivity"
32-->src\main\AndroidManifest.xml:13:13-41
33            android:configChanges="orientation|keyboardHidden|keyboard|screenSize|smallestScreenSize|locale|layoutDirection|fontScale|screenLayout|density|uiMode"
33-->src\main\AndroidManifest.xml:16:13-163
34            android:hardwareAccelerated="true"
34-->src\main\AndroidManifest.xml:17:13-47
35            android:launchMode="singleTop"
35-->src\main\AndroidManifest.xml:14:13-43
36            android:theme="@style/LaunchTheme"
36-->src\main\AndroidManifest.xml:15:13-47
37            android:windowSoftInputMode="adjustResize" >
37-->src\main\AndroidManifest.xml:18:13-55
38
39            <!--
40                 Specifies an Android theme to apply to this Activity as soon as
41                 the Android process has started. This theme is visible to the user
42                 while the Flutter UI initializes. After that, this theme continues
43                 to determine the Window background behind the Flutter UI.
44            -->
45            <meta-data
45-->src\main\AndroidManifest.xml:23:13-26:17
46                android:name="io.flutter.embedding.android.NormalTheme"
46-->src\main\AndroidManifest.xml:24:15-70
47                android:resource="@style/NormalTheme" />
47-->src\main\AndroidManifest.xml:25:15-52
48            <!--
49                 Displays an Android View that continues showing the launch screen
50                 Drawable until Flutter paints its first frame, then this splash
51                 screen fades out. A splash screen is useful to avoid any visual
52                 gap between the end of Android's launch screen and the painting of
53                 Flutter's first frame.
54            -->
55            <meta-data
55-->src\main\AndroidManifest.xml:32:13-35:17
56                android:name="io.flutter.embedding.android.SplashScreenDrawable"
56-->src\main\AndroidManifest.xml:33:15-79
57                android:resource="@drawable/launch_background" />
57-->src\main\AndroidManifest.xml:34:15-61
58
59            <intent-filter>
59-->src\main\AndroidManifest.xml:36:13-39:29
60                <action android:name="android.intent.action.MAIN" />
60-->src\main\AndroidManifest.xml:37:17-68
60-->src\main\AndroidManifest.xml:37:25-66
61
62                <category android:name="android.intent.category.LAUNCHER" />
62-->src\main\AndroidManifest.xml:38:17-76
62-->src\main\AndroidManifest.xml:38:27-74
63            </intent-filter>
64        </activity>
65        <!--
66             Don't delete the meta-data below.
67             This is used by the Flutter tool to generate GeneratedPluginRegistrant.java
68        -->
69        <meta-data
69-->src\main\AndroidManifest.xml:43:9-45:33
70            android:name="flutterEmbedding"
70-->src\main\AndroidManifest.xml:44:13-44
71            android:value="2" />
71-->src\main\AndroidManifest.xml:45:13-30
72
73        <service android:name="io.flutter.plugins.firebasemessaging.FlutterFirebaseMessagingService" >
73-->[:firebase_messaging] AndroidManifest.xml:8:9-12:19
73-->[:firebase_messaging] AndroidManifest.xml:8:18-101
74            <intent-filter>
74-->[:firebase_messaging] AndroidManifest.xml:9:13-11:29
75                <action android:name="com.google.firebase.MESSAGING_EVENT" />
75-->[:firebase_messaging] AndroidManifest.xml:10:17-78
75-->[:firebase_messaging] AndroidManifest.xml:10:25-75
76            </intent-filter>
77        </service>
78        <service
78-->[:firebase_messaging] AndroidManifest.xml:13:9-17:19
79            android:name="com.google.firebase.components.ComponentDiscoveryService"
79-->[:firebase_messaging] AndroidManifest.xml:13:18-89
80            android:directBootAware="true"
80-->[com.google.firebase:firebase-common:19.2.0] AndroidManifest.xml:15:13-43
81            android:exported="false" >
81-->[com.google.firebase:firebase-iid:20.0.1] AndroidManifest.xml:31:13-37
82            <meta-data
82-->[:firebase_messaging] AndroidManifest.xml:14:13-16:85
83                android:name="com.google.firebase.components:io.flutter.plugins.firebasemessaging.FlutterFirebaseAppRegistrar"
83-->[:firebase_messaging] AndroidManifest.xml:15:17-127
84                android:value="com.google.firebase.components.ComponentRegistrar" />
84-->[:firebase_messaging] AndroidManifest.xml:16:17-82
85            <meta-data
85-->[com.google.firebase:firebase-iid:20.0.1] AndroidManifest.xml:32:13-34:85
86                android:name="com.google.firebase.components:com.google.firebase.iid.Registrar"
86-->[com.google.firebase:firebase-iid:20.0.1] AndroidManifest.xml:33:17-96
87                android:value="com.google.firebase.components.ComponentRegistrar" />
87-->[com.google.firebase:firebase-iid:20.0.1] AndroidManifest.xml:34:17-82
88        </service>
89        <!--
90             FirebaseMessagingService performs security checks at runtime,
91             but set to not exported to explicitly avoid allowing another app to call it.
92        -->
93        <service
93-->[com.google.firebase:firebase-messaging:20.0.1] AndroidManifest.xml:28:9-34:19
94            android:name="com.google.firebase.messaging.FirebaseMessagingService"
94-->[com.google.firebase:firebase-messaging:20.0.1] AndroidManifest.xml:29:13-82
95            android:exported="false" >
95-->[com.google.firebase:firebase-messaging:20.0.1] AndroidManifest.xml:30:13-37
96            <intent-filter android:priority="-500" >
96-->[:firebase_messaging] AndroidManifest.xml:9:13-11:29
97                <action android:name="com.google.firebase.MESSAGING_EVENT" />
97-->[:firebase_messaging] AndroidManifest.xml:10:17-78
97-->[:firebase_messaging] AndroidManifest.xml:10:25-75
98            </intent-filter>
99        </service>
100
101        <receiver
101-->[com.google.firebase:firebase-iid:20.0.1] AndroidManifest.xml:37:9-44:20
102            android:name="com.google.firebase.iid.FirebaseInstanceIdReceiver"
102-->[com.google.firebase:firebase-iid:20.0.1] AndroidManifest.xml:38:13-78
103            android:exported="true"
103-->[com.google.firebase:firebase-iid:20.0.1] AndroidManifest.xml:39:13-36
104            android:permission="com.google.android.c2dm.permission.SEND" >
104-->[com.google.firebase:firebase-iid:20.0.1] AndroidManifest.xml:40:13-73
105            <intent-filter>
105-->[com.google.firebase:firebase-iid:20.0.1] AndroidManifest.xml:41:13-43:29
106                <action android:name="com.google.android.c2dm.intent.RECEIVE" />
106-->[com.google.firebase:firebase-iid:20.0.1] AndroidManifest.xml:42:17-81
106-->[com.google.firebase:firebase-iid:20.0.1] AndroidManifest.xml:42:25-78
107            </intent-filter>
108        </receiver>
109
110        <provider
110-->[com.google.firebase:firebase-common:19.2.0] AndroidManifest.xml:19:9-23:39
111            android:name="com.google.firebase.provider.FirebaseInitProvider"
111-->[com.google.firebase:firebase-common:19.2.0] AndroidManifest.xml:20:13-77
112            android:authorities="com.mosaned.mazadmwashy.firebaseinitprovider"
112-->[com.google.firebase:firebase-common:19.2.0] AndroidManifest.xml:21:13-72
113            android:exported="false"
113-->[com.google.firebase:firebase-common:19.2.0] AndroidManifest.xml:22:13-37
114            android:initOrder="100" />
114-->[com.google.firebase:firebase-common:19.2.0] AndroidManifest.xml:23:13-36
115
116        <activity
116-->[com.google.android.gms:play-services-base:17.0.0] AndroidManifest.xml:23:9-26:75
117            android:name="com.google.android.gms.common.api.GoogleApiActivity"
117-->[com.google.android.gms:play-services-base:17.0.0] AndroidManifest.xml:24:13-79
118            android:exported="false"
118-->[com.google.android.gms:play-services-base:17.0.0] AndroidManifest.xml:25:13-37
119            android:theme="@android:style/Theme.Translucent.NoTitleBar" />
119-->[com.google.android.gms:play-services-base:17.0.0] AndroidManifest.xml:26:13-72
120
121        <meta-data
121-->[com.google.android.gms:play-services-basement:17.0.0] AndroidManifest.xml:23:9-25:69
122            android:name="com.google.android.gms.version"
122-->[com.google.android.gms:play-services-basement:17.0.0] AndroidManifest.xml:24:13-58
123            android:value="@integer/google_play_services_version" />
123-->[com.google.android.gms:play-services-basement:17.0.0] AndroidManifest.xml:25:13-66
124    </application>
125
126</manifest>